Architecture :                            x86_64
Mode(s) opératoire(s) des processeurs :   32-bit, 64-bit
Tailles des adresses:                     46 bits physical, 48 bits virtual
Boutisme :                                Little Endian
Processeur(s) :                           40
Liste de processeur(s) en ligne :         0-39
Identifiant constructeur :                GenuineIntel
Nom de modèle :                           Intel(R) Xeon(R) CPU E5-2630 v4 @ 2.20GHz
Famille de processeur :                   6
Modèle :                                  79
Thread(s) par cœur :                      2
Cœur(s) par socket :                      10
Socket(s) :                               2
Révision :                                1
multiplication des MHz du/des CPU(s) :    55%
Vitesse maximale du processeur en MHz :   3100,0000
Vitesse minimale du processeur en MHz :   1200,0000
BogoMIPS :                                4400,04
Drapeaux :                                fpu vme de pse tsc msr pae mce cx8 apic sep mtrr pge mca cmov pat pse36 clflush dts acpi mmx fxsr sse sse2 ss ht tm pbe syscall nx pdpe1gb rdtscp lm constant_tsc arch_perfmon pebs bts rep_good nopl xtopology nonstop_tsc cpuid aperfmperf pni pclmulqdq dtes64 monitor ds_cpl vmx smx est tm2 ssse3 sdbg fma cx16 xtpr pdcm pcid dca sse4_1 sse4_2 x2apic movbe popcnt tsc_deadline_timer aes xsave avx f16c rdrand lahf_lm abm 3dnowprefetch cpuid_fault epb cat_l3 cdp_l3 invpcid_single pti ssbd ibrs ibpb stibp tpr_shadow vnmi flexpriority ept vpid ept_ad fsgsbase tsc_adjust bmi1 hle avx2 smep bmi2 erms invpcid rtm cqm rdt_a rdseed adx smap intel_pt xsaveopt cqm_llc cqm_occup_llc cqm_mbm_total cqm_mbm_local dtherm ida arat pln pts md_clear flush_l1d
Virtualisation :                          VT-x
Cache L1d :                               640 KiB (20 instances)
Cache L1i :                               640 KiB (20 instances)
Cache L2 :                                5 MiB (20 instances)
Cache L3 :                                50 MiB (2 instances)
Nœud(s) NUMA :                            2
Nœud NUMA 0 de processeur(s) :            0,2,4,6,8,10,12,14,16,18,20,22,24,26,28,30,32,34,36,38
Nœud NUMA 1 de processeur(s) :            1,3,5,7,9,11,13,15,17,19,21,23,25,27,29,31,33,35,37,39
Vulnérabilité Gather data sampling :      Not affected
Vulnérabilité Indirect target selection : Not affected
Vulnérabilité Itlb multihit :             KVM: Mitigation: VMX disabled
Vulnérabilité L1tf :                      Mitigation; PTE Inversion; VMX conditional cache flushes, SMT vulnerable
Vulnérabilité Mds :                       Mitigation; Clear CPU buffers; SMT vulnerable
Vulnérabilité Meltdown :                  Mitigation; PTI
Vulnérabilité Mmio stale data :           Mitigation; Clear CPU buffers; SMT vulnerable
Vulnérabilité Reg file data sampling :    Not affected
Vulnérabilité Retbleed :                  Not affected
Vulnérabilité Spec rstack overflow :      Not affected
Vulnérabilité Spec store bypass :         Mitigation; Speculative Store Bypass disabled via prctl
Vulnérabilité Spectre v1 :                Mitigation; usercopy/swapgs barriers and __user pointer sanitization
Vulnérabilité Spectre v2 :                Mitigation; Retpolines; IBPB conditional; IBRS_FW; STIBP conditional; RSB filling; PBRSB-eIBRS Not affected; BHI Not affected
Vulnérabilité Srbds :                     Not affected
Vulnérabilité Tsa :                       Not affected
Vulnérabilité Tsx async abort :           Mitigation; Clear CPU buffers; SMT vulnerable
>>> results for cactus, chrX
Starting job @2026-02-18 11:27:50.456551
[2026-02-18 11:27:50.456587] STEP 1: filtering VCF file
Bubbles after filtering: 1496
Results output in tmp_invpg/res_2026-02-18_112750.456551/balanced_svs.vcf
[2026-02-18 11:27:53.329759] STEP 2: rescuing nodes in inversions
Inversion annotated bubbles: 15
[2026-02-18 11:30:21.478075] DONE!
	Command being timed: "invpg -v paper_PG_INV/results/GRCh38_chrX/bubbles/HG_chrX_cactus.vcf -g paper_PG_INV/results/GRCh38_chrX/graphs/HG_chrX_cactus.gfa -o tmp_invpg/results.vcf"
	User time (seconds): 60.18
	System time (seconds): 8.40
	Percent of CPU this job got: 39%
	Elapsed (wall clock) time (h:mm:ss or m:ss): 2:53.31
	Average shared text size (kbytes): 0
	Average unshared data size (kbytes): 0
	Average stack size (kbytes): 0
	Average total size (kbytes): 0
	Maximum resident set size (kbytes): 609848
	Average resident set size (kbytes): 0
	Major (requiring I/O) page faults: 1
	Minor (reclaiming a frame) page faults: 2084749
	Voluntary context switches: 156662
	Involuntary context switches: 865
	Swaps: 0
	File system inputs: 1662608
	File system outputs: 147168
	Socket messages sent: 0
	Socket messages received: 0
	Signals delivered: 0
	Page size (bytes): 4096
	Exit status: 0
>>> results for cactus, chr7
Starting job @2026-02-18 11:30:43.774930
[2026-02-18 11:30:43.774965] STEP 1: filtering VCF file
Bubbles after filtering: 2615
Results output in tmp_invpg/res_2026-02-18_113043.774930/balanced_svs.vcf
[2026-02-18 11:30:46.832833] STEP 2: rescuing nodes in inversions
Inversion annotated bubbles: 9
[2026-02-18 11:35:15.394973] DONE!
	Command being timed: "invpg -v paper_PG_INV/results/GRCh38_chr7/bubbles/HG_chr7_cactus.vcf -g paper_PG_INV/results/GRCh38_chr7/graphs/HG_chr7_cactus.gfa -o tmp_invpg/results.vcf"
	User time (seconds): 101.95
	System time (seconds): 15.39
	Percent of CPU this job got: 37%
	Elapsed (wall clock) time (h:mm:ss or m:ss): 5:14.30
	Average shared text size (kbytes): 0
	Average unshared data size (kbytes): 0
	Average stack size (kbytes): 0
	Average total size (kbytes): 0
	Maximum resident set size (kbytes): 669152
	Average resident set size (kbytes): 0
	Major (requiring I/O) page faults: 0
	Minor (reclaiming a frame) page faults: 3686855
	Voluntary context switches: 284339
	Involuntary context switches: 1647
	Swaps: 0
	File system inputs: 97152
	File system outputs: 233704
	Socket messages sent: 0
	Socket messages received: 0
	Signals delivered: 0
	Page size (bytes): 4096
	Exit status: 0
>>> results for mc, chrX
Starting job @2026-02-18 11:35:58.137550
[2026-02-18 11:35:58.137590] STEP 1: filtering VCF file
Bubbles after filtering: 619
Results output in tmp_invpg/res_2026-02-18_113558.137550/balanced_svs.vcf
[2026-02-18 11:35:59.829541] STEP 2: rescuing nodes in inversions
Inversion annotated bubbles: 26
[2026-02-18 11:36:55.814908] DONE!
	Command being timed: "invpg -v paper_PG_INV/results/GRCh38_chrX/bubbles/HG_chrX_mgc.vcf -g paper_PG_INV/results/GRCh38_chrX/graphs/HG_chrX_mgc.gfa -o tmp_invpg/results.vcf"
	User time (seconds): 20.92
	System time (seconds): 4.32
	Percent of CPU this job got: 38%
	Elapsed (wall clock) time (h:mm:ss or m:ss): 1:05.76
	Average shared text size (kbytes): 0
	Average unshared data size (kbytes): 0
	Average stack size (kbytes): 0
	Average total size (kbytes): 0
	Maximum resident set size (kbytes): 329980
	Average resident set size (kbytes): 0
	Major (requiring I/O) page faults: 0
	Minor (reclaiming a frame) page faults: 868243
	Voluntary context switches: 56903
	Involuntary context switches: 381
	Swaps: 0
	File system inputs: 791592
	File system outputs: 84976
	Socket messages sent: 0
	Socket messages received: 0
	Signals delivered: 0
	Page size (bytes): 4096
	Exit status: 0
>>> results for mc, chr7
Starting job @2026-02-18 11:37:04.048938
[2026-02-18 11:37:04.048980] STEP 1: filtering VCF file
Bubbles after filtering: 1088
Results output in tmp_invpg/res_2026-02-18_113704.048938/balanced_svs.vcf
[2026-02-18 11:37:06.940455] STEP 2: rescuing nodes in inversions
Inversion annotated bubbles: 9
[2026-02-18 11:49:51.492305] DONE!
	Command being timed: "invpg -v paper_PG_INV/results/GRCh38_chr7/bubbles/HG_chr7_mgc.vcf -g paper_PG_INV/results/GRCh38_chr7/graphs/HG_chr7_mgc.gfa -o tmp_invpg/results.vcf"
	User time (seconds): 706.01
	System time (seconds): 9.33
	Percent of CPU this job got: 91%
	Elapsed (wall clock) time (h:mm:ss or m:ss): 13:03.13
	Average shared text size (kbytes): 0
	Average unshared data size (kbytes): 0
	Average stack size (kbytes): 0
	Average total size (kbytes): 0
	Maximum resident set size (kbytes): 442188
	Average resident set size (kbytes): 0
	Major (requiring I/O) page faults: 0
	Minor (reclaiming a frame) page faults: 1489733
	Voluntary context switches: 94718
	Involuntary context switches: 2078
	Swaps: 0
	File system inputs: 1101696
	File system outputs: 172160
	Socket messages sent: 0
	Socket messages received: 0
	Signals delivered: 0
	Page size (bytes): 4096
	Exit status: 0
>>> results for minigraph, chrX
Starting job @2026-02-18 11:50:07.025329
[2026-02-18 11:50:07.025370] STEP 1: filtering VCF file
Bubbles after filtering: 40
Results output in tmp_invpg/res_2026-02-18_115007.025329/balanced_svs.vcf
[2026-02-18 11:50:07.060809] STEP 2: rescuing nodes in inversions
Inversion annotated bubbles: 23
[2026-02-18 11:50:09.568788] DONE!
	Command being timed: "invpg -v paper_PG_INV/results/GRCh38_chrX/bubbles/HG_chrX_minigraph.vcf -g paper_PG_INV/results/GRCh38_chrX/graphs/HG_chrX_minigraph.gfa -o tmp_invpg/results.vcf"
	User time (seconds): 0.80
	System time (seconds): 0.34
	Percent of CPU this job got: 38%
	Elapsed (wall clock) time (h:mm:ss or m:ss): 0:03.02
	Average shared text size (kbytes): 0
	Average unshared data size (kbytes): 0
	Average stack size (kbytes): 0
	Average total size (kbytes): 0
	Maximum resident set size (kbytes): 168312
	Average resident set size (kbytes): 0
	Major (requiring I/O) page faults: 0
	Minor (reclaiming a frame) page faults: 60494
	Voluntary context switches: 2490
	Involuntary context switches: 17
	Swaps: 0
	File system inputs: 308952
	File system outputs: 2368
	Socket messages sent: 0
	Socket messages received: 0
	Signals delivered: 0
	Page size (bytes): 4096
	Exit status: 0
>>> results for minigraph, chr7
Starting job @2026-02-18 11:50:09.986135
[2026-02-18 11:50:09.986169] STEP 1: filtering VCF file
Bubbles after filtering: 55
Results output in tmp_invpg/res_2026-02-18_115009.986135/balanced_svs.vcf
[2026-02-18 11:50:10.023942] STEP 2: rescuing nodes in inversions
Inversion annotated bubbles: 6
[2026-02-18 11:50:16.532817] DONE!
	Command being timed: "invpg -v paper_PG_INV/results/GRCh38_chr7/bubbles/HG_chr7_minigraph.vcf -g paper_PG_INV/results/GRCh38_chr7/graphs/HG_chr7_minigraph.gfa -o tmp_invpg/results.vcf"
	User time (seconds): 3.95
	System time (seconds): 0.43
	Percent of CPU this job got: 60%
	Elapsed (wall clock) time (h:mm:ss or m:ss): 0:07.23
	Average shared text size (kbytes): 0
	Average unshared data size (kbytes): 0
	Average stack size (kbytes): 0
	Average total size (kbytes): 0
	Maximum resident set size (kbytes): 173664
	Average resident set size (kbytes): 0
	Major (requiring I/O) page faults: 0
	Minor (reclaiming a frame) page faults: 86383
	Voluntary context switches: 3911
	Involuntary context switches: 43
	Swaps: 0
	File system inputs: 319976
	File system outputs: 3496
	Socket messages sent: 0
	Socket messages received: 0
	Signals delivered: 0
	Page size (bytes): 4096
	Exit status: 0
>>> results for pggb, chrX
Starting job @2026-02-18 11:50:17.222950
[2026-02-18 11:50:17.222984] STEP 1: filtering VCF file
Bubbles after filtering: 867
Results output in tmp_invpg/res_2026-02-18_115017.222950/balanced_svs.vcf
[2026-02-18 11:50:19.606711] STEP 2: rescuing nodes in inversions
Inversion annotated bubbles: 36
[2026-02-18 11:52:08.698582] DONE!
	Command being timed: "invpg -v paper_PG_INV/results/GRCh38_chrX/bubbles/HG_chrX_pggb_v0.7.4.vcf -g paper_PG_INV/results/GRCh38_chrX/graphs/HG_chrX_pggb_v0.7.4.gfa -o tmp_invpg/results.vcf"
	User time (seconds): 53.55
	System time (seconds): 5.68
	Percent of CPU this job got: 47%
	Elapsed (wall clock) time (h:mm:ss or m:ss): 2:04.83
	Average shared text size (kbytes): 0
	Average unshared data size (kbytes): 0
	Average stack size (kbytes): 0
	Average total size (kbytes): 0
	Maximum resident set size (kbytes): 336028
	Average resident set size (kbytes): 0
	Major (requiring I/O) page faults: 0
	Minor (reclaiming a frame) page faults: 1282992
	Voluntary context switches: 89002
	Involuntary context switches: 616
	Swaps: 0
	File system inputs: 1281880
	File system outputs: 152664
	Socket messages sent: 0
	Socket messages received: 0
	Signals delivered: 0
	Page size (bytes): 4096
	Exit status: 0
>>> results for pggb, chr7
Starting job @2026-02-18 11:52:22.115281
[2026-02-18 11:52:22.115315] STEP 1: filtering VCF file
Bubbles after filtering: 1808
Results output in tmp_invpg/res_2026-02-18_115222.115281/balanced_svs.vcf
[2026-02-18 11:52:25.589841] STEP 2: rescuing nodes in inversions
Inversion annotated bubbles: 14
[2026-02-18 12:25:01.045402] DONE!
	Command being timed: "invpg -v paper_PG_INV/results/GRCh38_chr7/bubbles/HG_chr7_pggb_v0.7.4.vcf -g paper_PG_INV/results/GRCh38_chr7/graphs/HG_chr7_pggb_v0.7.4.gfa -o tmp_invpg/results.vcf"
	User time (seconds): 1827.98
	System time (seconds): 20.66
	Percent of CPU this job got: 93%
	Elapsed (wall clock) time (h:mm:ss or m:ss): 33:07.19
	Average shared text size (kbytes): 0
	Average unshared data size (kbytes): 0
	Average stack size (kbytes): 0
	Average total size (kbytes): 0
	Maximum resident set size (kbytes): 534800
	Average resident set size (kbytes): 0
	Major (requiring I/O) page faults: 1
	Minor (reclaiming a frame) page faults: 3992125
	Voluntary context switches: 189208
	Involuntary context switches: 5057
	Swaps: 0
	File system inputs: 1583904
	File system outputs: 443984
	Socket messages sent: 0
	Socket messages received: 0
	Signals delivered: 0
	Page size (bytes): 4096
	Exit status: 0
